#
# There is insufficient memory for the Java Runtime Environment to continue.
# Native memory allocation (mmap) failed to map 402653184 bytes for G1 virtual space
# Possible reasons:
#   The system is out of physical RAM or swap space
#   The process is running with CompressedOops enabled, and the Java Heap may be blocking the growth of the native heap
# Possible solutions:
#   Reduce memory load on the system
#   Increase physical memory or swap space
#   Check if swap backing store is full
#   Decrease Java heap size (-Xmx/-Xms)
#   Decrease number of Java threads
#   Decrease Java thread stack sizes (-Xss)
#   Set larger code cache with -XX:ReservedCodeCacheSize=
#   JVM is running with Zero Based Compressed Oops mode in which the Java heap is
#     placed in the first 32GB address space. The Java Heap base address is the
#     maximum limit for the native heap growth. Please use -XX:HeapBaseMinAddress
#     to set the Java Heap base and to place the Java Heap above 32GB virtual address.
# This output file may be truncated or incomplete.
#
#  Out of Memory Error (os_windows.cpp:3469), pid=22972, tid=7888
#
# JRE version:  (17.0.1+12) (build )
# Java VM: Java HotSpot(TM) 64-Bit Server VM (17.0.1+12-LTS-39, mixed mode, emulated-client, sharing, tiered, compressed oops, compressed class ptrs, g1 gc, windows-amd64)
# No core dump will be written. Minidumps are not enabled by default on client versions of Windows
#

---------------  S U M M A R Y ------------

Command Line: -XX:TieredStopAtLevel=1 -Dspring.output.ansi.enabled=always -Dcom.sun.management.jmxremote -Dspring.jmx.enabled=true -Dspring.liveBeansView.mbeanDomain -Dspring.application.admin.enabled=true -javaagent:W:\JetBrains\IntelliJ IDEA 2022.2\lib\idea_rt.jar=50514:W:\JetBrains\IntelliJ IDEA 2022.2\bin -Dfile.encoding=UTF-8 com.shashwat.doctor.DoctorApplication

Host: Intel(R) Core(TM) i7-9750H CPU @ 2.60GHz, 12 cores, 23G,  Windows 10 , 64 bit Build 25188 (10.0.25188.1000)
Time: Sun Aug 28 10:49:08 2022 Eastern Daylight Time elapsed time: 0.033167 seconds (0d 0h 0m 0s)

---------------  T H R E A D  ---------------

Current thread (0x0000022dc12d2b50):  JavaThread "Unknown thread" [_thread_in_vm, id=7888, stack(0x000000e455f00000,0x000000e456000000)]

Stack: [0x000000e455f00000,0x000000e456000000]
Native frames: (J=compiled Java code, j=interpreted, Vv=VM code, C=native code)
V  [jvm.dll+0x66fa1a]
V  [jvm.dll+0x7ce5a4]
V  [jvm.dll+0x7cfd4e]
V  [jvm.dll+0x7d03b3]
V  [jvm.dll+0x242b05]
V  [jvm.dll+0x66ca39]
V  [jvm.dll+0x661502]
V  [jvm.dll+0x30081b]
V  [jvm.dll+0x307da6]
V  [jvm.dll+0x357a1e]
V  [jvm.dll+0x357c4f]
V  [jvm.dll+0x2d7ad8]
V  [jvm.dll+0x2d8a44]
V  [jvm.dll+0x7a01e1]
V  [jvm.dll+0x365791]
V  [jvm.dll+0x77f6cc]
V  [jvm.dll+0x3e812f]
V  [jvm.dll+0x3e9bd1]
C  [jli.dll+0x527b]
C  [ucrtbase.dll+0x6a0e1]
C  [KERNEL32.DLL+0x1458d]
C  [ntdll.dll+0x67558]


---------------  P R O C E S S  ---------------

Threads class SMR info:
_java_thread_list=0x00007ffec0f67818, length=0, elements={
}

Java Threads: ( => current thread )

Other Threads:
  0x0000022dc1332e90 GCTaskThread "GC Thread#0" [stack: 0x000000e456000000,0x000000e456100000] [id=16208]
  0x0000022dc133fca0 ConcurrentGCThread "G1 Main Marker" [stack: 0x000000e456100000,0x000000e456200000] [id=22620]
  0x0000022dc13406b0 ConcurrentGCThread "G1 Conc#0" [stack: 0x000000e456200000,0x000000e456300000] [id=21452]

[error occurred during error reporting (printing all threads), id 0xc0000005, EXCEPTION_ACCESS_VIOLATION (0xc0000005) at pc=0x00007ffec07b84b7]

VM state: not at safepoint (not fully initialized)

VM Mutex/Monitor currently owned by a thread:  ([mutex/lock_event])
[0x0000022dc12cd340] Heap_lock - owner thread: 0x0000022dc12d2b50

Heap address: 0x0000000682400000, size: 6108 MB, Compressed Oops mode: Zero based, Oop shift amount: 3

CDS archive(s) mapped at: [0x0000000000000000-0x0000000000000000-0x0000000000000000), size 0, SharedBaseAddress: 0x0000000800000000, ArchiveRelocationMode: 0.
Narrow klass base: 0x0000000000000000, Narrow klass shift: 0, Narrow klass range: 0x0

GC Precious Log:
<Empty>

Heap:
 garbage-first heap   total 0K, used 0K [0x0000000682400000, 0x0000000800000000)
  region size 4096K, 0 young (0K), 0 survivors (0K)

[error occurred during error reporting (printing heap information), id 0xc0000005, EXCEPTION_ACCESS_VIOLATION (0xc0000005) at pc=0x00007ffec0b98d89]

GC Heap History (0 events):
No events

Deoptimization events (0 events):
No events

Classes unloaded (0 events):
No events

Classes redefined (0 events):
No events

Internal exceptions (0 events):
No events

VM Operations (0 events):
No events

Events (1 events):
Event: 0.020 Loaded shared library C:\Program Files\Java\jdk-17.0.1\bin\java.dll


Dynamic libraries:
0x00007ff685a00000 - 0x00007ff685a10000 	C:\Program Files\Java\jdk-17.0.1\bin\java.exe
0x00007fff4b4d0000 - 0x00007fff4b6e9000 	C:\WINDOWS\SYSTEM32\ntdll.dll
0x00007fff4a880000 - 0x00007fff4a942000 	C:\WINDOWS\System32\KERNEL32.DLL
0x00007fff48bc0000 - 0x00007fff48f5f000 	C:\WINDOWS\System32\KERNELBASE.dll
0x00007fff488b0000 - 0x00007fff489b9000 	C:\WINDOWS\System32\ucrtbase.dll
0x00007fff25810000 - 0x00007fff25828000 	C:\Program Files\Java\jdk-17.0.1\bin\jli.dll
0x00007fff49cb0000 - 0x00007fff49d5f000 	C:\WINDOWS\System32\ADVAPI32.dll
0x00007fff49b40000 - 0x00007fff49be7000 	C:\WINDOWS\System32\msvcrt.dll
0x00007fff4b1c0000 - 0x00007fff4b26a000 	C:\WINDOWS\System32\sechost.dll
0x00007fff25510000 - 0x00007fff2552a000 	C:\Program Files\Java\jdk-17.0.1\bin\VCRUNTIME140.dll
0x00007fff4a9c0000 - 0x00007fff4aae7000 	C:\WINDOWS\System32\RPCRT4.dll
0x00007fff4a6d0000 - 0x00007fff4a87c000 	C:\WINDOWS\System32\USER32.dll
0x00007fff48b90000 - 0x00007fff48bb6000 	C:\WINDOWS\System32\win32u.dll
0x00007fff29780000 - 0x00007fff29a0e000 	C:\WINDOWS\WinSxS\amd64_microsoft.windows.common-controls_6595b64144ccf1df_6.0.25188.1000_none_79003e7f0fe4f35d\COMCTL32.dll
0x00007fff4b080000 - 0x00007fff4b0a9000 	C:\WINDOWS\System32\GDI32.dll
0x00007fff49160000 - 0x00007fff49272000 	C:\WINDOWS\System32\gdi32full.dll
0x00007fff489c0000 - 0x00007fff48a5a000 	C:\WINDOWS\System32\msvcp_win.dll
0x00007fff3b4e0000 - 0x00007fff3b4ea000 	C:\WINDOWS\SYSTEM32\VERSION.dll
0x00007fff49d80000 - 0x00007fff49db1000 	C:\WINDOWS\System32\IMM32.DLL
0x00007fff2b4c0000 - 0x00007fff2b4cc000 	C:\Program Files\Java\jdk-17.0.1\bin\vcruntime140_1.dll
0x00007fff112c0000 - 0x00007fff1134d000 	C:\Program Files\Java\jdk-17.0.1\bin\msvcp140.dll
0x00007ffec04d0000 - 0x00007ffec108e000 	C:\Program Files\Java\jdk-17.0.1\bin\server\jvm.dll
0x00007fff4a5b0000 - 0x00007fff4a5b8000 	C:\WINDOWS\System32\PSAPI.DLL
0x00007fff2d3f0000 - 0x00007fff2d3f9000 	C:\WINDOWS\SYSTEM32\WSOCK32.dll
0x00007fff4b140000 - 0x00007fff4b1af000 	C:\WINDOWS\System32\WS2_32.dll
0x00007fff30070000 - 0x00007fff300a6000 	C:\WINDOWS\SYSTEM32\WINMM.dll
0x00007fff47920000 - 0x00007fff47938000 	C:\WINDOWS\SYSTEM32\kernel.appcore.dll
0x00007fff2b3d0000 - 0x00007fff2b3da000 	C:\Program Files\Java\jdk-17.0.1\bin\jimage.dll
0x00007fff3c150000 - 0x00007fff3c381000 	C:\WINDOWS\SYSTEM32\DBGHELP.DLL
0x00007fff495f0000 - 0x00007fff49979000 	C:\WINDOWS\System32\combase.dll
0x00007fff4b3b0000 - 0x00007fff4b487000 	C:\WINDOWS\System32\OLEAUT32.dll
0x00007fff3c110000 - 0x00007fff3c142000 	C:\WINDOWS\SYSTEM32\dbgcore.DLL
0x00007fff490e0000 - 0x00007fff4915b000 	C:\WINDOWS\System32\bcryptPrimitives.dll
0x00007fff291a0000 - 0x00007fff291ae000 	C:\Program Files\Java\jdk-17.0.1\bin\instrument.dll
0x00007fff24e60000 - 0x00007fff24e85000 	C:\Program Files\Java\jdk-17.0.1\bin\java.dll

dbghelp: loaded successfully - version: 4.0.5 - missing functions: none
symbol engine: initialized successfully - sym options: 0x614 - pdb path: .;C:\Program Files\Java\jdk-17.0.1\bin;C:\WINDOWS\SYSTEM32;C:\WINDOWS\WinSxS\amd64_microsoft.windows.common-controls_6595b64144ccf1df_6.0.25188.1000_none_79003e7f0fe4f35d;C:\Program Files\Java\jdk-17.0.1\bin\server

VM Arguments:
jvm_args: -XX:TieredStopAtLevel=1 -Dspring.output.ansi.enabled=always -Dcom.sun.management.jmxremote -Dspring.jmx.enabled=true -Dspring.liveBeansView.mbeanDomain -Dspring.application.admin.enabled=true -javaagent:W:\JetBrains\IntelliJ IDEA 2022.2\lib\idea_rt.jar=50514:W:\JetBrains\IntelliJ IDEA 2022.2\bin -Dfile.encoding=UTF-8 
java_command: com.shashwat.doctor.DoctorApplication
java_class_path (initial): W:\Assessment\Comprehensive\comprehensive-assessment\doctor\target\classes;C:\Users\patha\.m2\repository\org\springframework\boot\spring-boot-starter-data-jpa\2.7.3\spring-boot-starter-data-jpa-2.7.3.jar;C:\Users\patha\.m2\repository\org\springframework\boot\spring-boot-starter-aop\2.7.3\spring-boot-starter-aop-2.7.3.jar;C:\Users\patha\.m2\repository\org\springframework\spring-aop\5.3.22\spring-aop-5.3.22.jar;C:\Users\patha\.m2\repository\org\aspectj\aspectjweaver\1.9.7\aspectjweaver-1.9.7.jar;C:\Users\patha\.m2\repository\org\springframework\boot\spring-boot-starter-jdbc\2.7.3\spring-boot-starter-jdbc-2.7.3.jar;C:\Users\patha\.m2\repository\com\zaxxer\HikariCP\4.0.3\HikariCP-4.0.3.jar;C:\Users\patha\.m2\repository\org\springframework\spring-jdbc\5.3.22\spring-jdbc-5.3.22.jar;C:\Users\patha\.m2\repository\jakarta\transaction\jakarta.transaction-api\1.3.3\jakarta.transaction-api-1.3.3.jar;C:\Users\patha\.m2\repository\jakarta\persistence\jakarta.persistence-api\2.2.3\jakarta.persistence-api-2.2.3.jar;C:\Users\patha\.m2\repository\org\hibernate\hibernate-core\5.6.10.Final\hibernate-core-5.6.10.Final.jar;C:\Users\patha\.m2\repository\org\jboss\logging\jboss-logging\3.4.3.Final\jboss-logging-3.4.3.Final.jar;C:\Users\patha\.m2\repository\net\bytebuddy\byte-buddy\1.12.13\byte-buddy-1.12.13.jar;C:\Users\patha\.m2\repository\antlr\antlr\2.7.7\antlr-2.7.7.jar;C:\Users\patha\.m2\repository\org\jboss\jandex\2.4.2.Final\jandex-2.4.2.Final.jar;C:\Users\patha\.m2\repository\com\fasterxml\classmate\1.5.1\classmate-1.5.1.jar;C:\Users\patha\.m2\repository\org\hibernate\common\hibernate-commons-annotations\5.1.2.Final\hibernate-commons-annotations-5.1.2.Final.jar;C:\Users\patha\.m2\repository\org\glassfish\jaxb\jaxb-runtime\2.3.6\jaxb-runtime-2.3.6.jar;C:\Users\patha\.m2\repository\org\glassfish\jaxb\txw2\2.3.6\txw2-2.3.6.jar;C:\Users\patha\.m2\repository\com\sun\istack\istack-commons-runtime\3.0.12\istack-commons-runtime-3.0.12.jar;C:\Users\patha\.m2\rep
Launcher Type: SUN_STANDARD

[Global flags]
     intx CICompilerCount                          = 4                                         {product} {ergonomic}
     uint ConcGCThreads                            = 3                                         {product} {ergonomic}
     uint G1ConcRefinementThreads                  = 10                                        {product} {ergonomic}
   size_t G1HeapRegionSize                         = 4194304                                   {product} {ergonomic}
    uintx GCDrainStackTargetSize                   = 64                                        {product} {ergonomic}
   size_t InitialHeapSize                          = 402653184                                 {product} {ergonomic}
     bool ManagementServer                         = true                                      {product} {command line}
   size_t MarkStackSize                            = 4194304                                   {product} {ergonomic}
   size_t MaxHeapSize                              = 6404702208                                {product} {ergonomic}
   size_t MinHeapDeltaBytes                        = 4194304                                   {product} {ergonomic}
   size_t MinHeapSize                              = 8388608                                   {product} {ergonomic}
    uintx NonProfiledCodeHeapSize                  = 0                                      {pd product} {ergonomic}
     bool ProfileInterpreter                       = false                                  {pd product} {command line}
    uintx ProfiledCodeHeapSize                     = 0                                      {pd product} {ergonomic}
   size_t SoftMaxHeapSize                          = 6404702208                             {manageable} {ergonomic}
     intx TieredStopAtLevel                        = 1                                         {product} {command line}
     bool UseCompressedClassPointers               = true                           {product lp64_product} {ergonomic}
     bool UseCompressedOops                        = true                           {product lp64_product} {ergonomic}
     bool UseG1GC                                  = true                                      {product} {ergonomic}
     bool UseLargePagesIndividualAllocation        = false                                  {pd product} {ergonomic}

Logging:
Log output configuration:
 #0: stdout all=warning uptime,level,tags
 #1: stderr all=off uptime,level,tags

Environment Variables:
JAVA_HOME=C:\Program Files\Java\jdk-17.0.1\
PATH=C:\Program Files\NVIDIA GPU Computing Toolkit\CUDA\v11.3\bin;C:\Program Files\NVIDIA GPU Computing Toolkit\CUDA\v11.3\libnvvp;C:\Program Files\NVIDIA GPU Computing Toolkit\CUDA\v11.6\bin;C:\Program Files\NVIDIA GPU Computing Toolkit\CUDA\v11.6\libnvvp;C:\Users\patha\AppData\Local\Programs\Python\Python310\Scripts\;C:\Users\patha\AppData\Local\Programs\Python\Python310\;C:\Program Files\Common Files\Oracle\Java\javapath;C:\WINDOWS\system32;C:\WINDOWS;C:\WINDOWS\System32\Wbem;C:\WINDOWS\System32\WindowsPowerShell\v1.0\;C:\WINDOWS\System32\OpenSSH\;C:\Program Files (x86)\NVIDIA Corporation\PhysX\Common;C:\Program Files\NVIDIA Corporation\NVIDIA NvDLISR;C:\Program Files\dotnet\;C:\ProgramData\chocolatey\bin;C:\Program Files\Git\cmd;C:\Program Files\nodejs\;C:\Program Files\NVIDIA Corporation\Nsight Compute 2021.1.0\;C:\WINDOWS\system32;C:\WINDOWS;C:\WINDOWS\System32\Wbem;C:\WINDOWS\System32\WindowsPowerShell\v1.0\;C:\WINDOWS\System32\OpenSSH\;C:\Program Files\PuTTY\;C:\Program Files\Docker\Docker\resources\bin;C:\ProgramData\DockerDesktop\version-bin;C:\Users\patha\AppData\Local\Microsoft\WindowsApps;C:\Users\patha\AppData\Local\Programs\Microsoft VS Code\bin;C:\Users\patha\.dotnet\tools;C:\Program Files\JetBrains\IntelliJ IDEA Community Edition 2021.2.3\bin;;C:\Users\patha\AppData\Local\Box\Box Edit\;W:\CrossPlatform\flutter\bin;C:\Users\patha\AppData\Local\Programs\oh-my-posh\bin;C:\Users\patha\AppData\Local\Programs\oh-my-posh\themes;C:\tools\dart-sdk\bin;C:\Users\patha\AppData\Roaming\Pub\Cache\bin;C:\Program Files\JetBrains\IntelliJ IDEA Educational Edition 2021.3.1\bin;C:\Users\patha\AppData\Roaming\npm;C:\Program Files\nodejs;C:\elevate-1.3.0-redist\bin.x86-64;C:\Users\patha\AppData\Local\GitHubDesktop\bin;W:\JetBrains\IntelliJ IDEA 2022.2\bin;C:\Users\patha\AppData\Local\JetBrains\Toolbox\scripts;%USERPROFILE%\AppData\Local\Microsoft\WindowsApps
USERNAME=patha
OS=Windows_NT
PROCESSOR_IDENTIFIER=Intel64 Family 6 Model 158 Stepping 10, GenuineIntel



---------------  S Y S T E M  ---------------

OS:
 Windows 10 , 64 bit Build 25188 (10.0.25188.1000)
OS uptime: 3 days 6:48 hours
Hyper-V role detected

CPU: total 12 (initial active 12) (6 cores per cpu, 2 threads per core) family 6 model 158 stepping 10 microcode 0xde, cx8, cmov, fxsr, ht, mmx, 3dnowpref, sse, sse2, sse3, ssse3, sse4.1, sse4.2, popcnt, lzcnt, tsc, tscinvbit, avx, avx2, aes, erms, clmul, bmi1, bmi2, adx, fma, vzeroupper, clflush, clflushopt, hv

Memory: 4k page, system-wide physical 24419M (5102M free)
TotalPageFile size 28525M (AvailPageFile size 194M)
current process WorkingSet (physical memory assigned to process): 12M, peak: 12M
current process commit charge ("private bytes"): 59M, peak: 443M

vm_info: Java HotSpot(TM) 64-Bit Server VM (17.0.1+12-LTS-39) for windows-amd64 JRE (17.0.1+12-LTS-39), built on Sep 27 2021 18:41:35 by "mach5one" with MS VC++ 16.8 (VS2019)

END.
